<?xml version="1.0" encoding="UTF-8"?>
<!-- Generated by org.testng.reporters.JUnitReportReporter -->
<testsuite hostname="LAPTOP-TFV9KT3M" failures="0" tests="1" name="testSuite.RegressionTestSuite" time="0.033" errors="0" timestamp="2025-09-06T17:37:43 IST" skipped="0">
  <testcase classname="testSuite.RegressionTestSuite" name="test_01" time="0.033"/>
  <system-out/>
</testsuite> <!-- testSuite.RegressionTestSuite -->
